<?xml version="1.0" encoding="UTF-8"?>
<testng-results skipped="0" failed="0" total="1" passed="1">
  <reporter-output>
  </reporter-output>
  <suite name="Suite" duration-ms="86" started-at="2019-12-08T13:35:49Z" finished-at="2019-12-08T13:35:49Z">
    <groups>
    </groups>
    <test name="Test" duration-ms="86" started-at="2019-12-08T13:35:49Z" finished-at="2019-12-08T13:35:49Z">
      <class name="pkg.jenkinsload">
        <test-method status="PASS" signature="demo()[pri:0, instance:pkg.jenkinsload@68be2bc2]" name="demo" duration-ms="42" started-at="2019-12-08T13:35:49Z" finished-at="2019-12-08T13:35:49Z">
        </test-method> <!-- demo -->
      </class> <!-- pkg.jenkinsload -->
    </test> <!-- Test -->
  </suite> <!-- Suite -->
</testng-results>
